2018-04-20 14:30:20.599 [error] <0.162.0> CRASH REPORT Process <0.162.0> with 0 neighbours exited with reason: call to undefined function connector_sup:start_link() in application_master:init/4 line 134
2018-04-20 14:34:01.328 [error] <0.162.0> CRASH REPORT Process <0.162.0> with 0 neighbours exited with reason: call to undefined function connector_sup:start_link() in application_master:init/4 line 134
2018-04-20 14:39:54.399 [error] <0.162.0> CRASH REPORT Process <0.162.0> with 0 neighbours exited with reason: call to undefined function connector_sup:start_link() in application_master:init/4 line 134
2018-04-20 15:35:50.093 [error] <0.1978.0> CRASH REPORT Process <0.1978.0> with 0 neighbours crashed with reason: call to undefined function help:url()
2018-04-20 15:40:39.195 [error] <0.374.0> CRASH REPORT Process <0.374.0> with 0 neighbours crashed with reason: call to undefined function help:url()
2018-04-20 15:41:28.625 [error] <0.774.0> CRASH REPORT Process <0.774.0> with 0 neighbours crashed with reason: call to undefined function help:url()
2018-04-20 15:42:18.625 [error] <0.1174.0> CRASH REPORT Process <0.1174.0> with 0 neighbours crashed with reason: no match of right hand value ["ipcid=180327000001","order_no=1804201542F68BE5F0577A49E18FEEDD498F44F983","partner=6ccpug","objs=%5B%7B%22eqpt%5Ftype%22%3A%220a0001amfm%22%2C%22eqpt%5Fid%5Fcode%22%3A%22201712140001%22%2C%22eqpt%5Fpwd%22%3A%220DD1F70B5F3A0B95C22126872845114A%22%2C%22resdatatype%22%3A%22%22%2C%22cmd%5Ftype%22%3A%22dsj%22%2C%22cmd%5Fid%22%3A%22zhygzdn%22%2C%22cmd%5Fdata%22%3A%22%22%7D%5D","sign=cb034b15bca5737a4e5ebb91de8995c5"] in cloudproxy_http_server:dispatch/1 line 24
2018-04-20 15:43:37.682 [error] <0.406.0> CRASH REPORT Process <0.406.0> with 0 neighbours crashed with reason: no match of right hand value ["ipcid=180327000001","order_no=18042015435993B09D6FE94C84BBA5DE5A91C8783C","partner=6ccpug","objs=%5B%7B%22eqpt%5Ftype%22%3A%220a0001amfm%22%2C%22eqpt%5Fid%5Fcode%22%3A%22201712140001%22%2C%22eqpt%5Fpwd%22%3A%220DD1F70B5F3A0B95C22126872845114A%22%2C%22resdatatype%22%3A%22%22%2C%22cmd%5Ftype%22%3A%22dsj%22%2C%22cmd%5Fid%22%3A%22zhygzdn%22%2C%22cmd%5Fdata%22%3A%22%22%7D%5D","sign=eec600ccfb181e233b69e3191fbc8713"] in cloudproxy_http_server:dispatch/1 line 24
2018-04-20 17:05:38.496 [error] <0.486.0> CRASH REPORT Process <0.486.0> with 0 neighbours crashed with reason: bad argument in call to erlang:binary_to_list(undefined) in cloudproxy_http_server:dispatch/1 line 41
2018-04-20 17:18:54.731 [error] <0.1063.0> CRASH REPORT Process <0.1063.0> with 0 neighbours crashed with reason: no match of right hand value ["middleware"] in cloudproxy_http_server:dispatch/1 line 20
2018-04-20 17:18:58.167 [error] <0.1094.0> CRASH REPORT Process <0.1094.0> with 0 neighbours crashed with reason: no match of right hand value ["middleware"] in cloudproxy_http_server:dispatch/1 line 20
2018-04-20 17:20:18.020 [error] <0.390.0> CRASH REPORT Process <0.390.0> with 0 neighbours crashed with reason: no match of right hand value ["middleware"] in cloudproxy_http_server:dispatch/1 line 20
2018-04-20 17:22:08.605 [error] <0.358.0> CRASH REPORT Process <0.358.0> with 0 neighbours crashed with reason: no match of right hand value ["middleware"] in cloudproxy_http_server:dispatch/1 line 20
2018-04-20 17:54:38.900 [error] <0.342.0> CRASH REPORT Process <0.342.0> with 0 neighbours crashed with reason: no match of right hand value {error,syntax_error} in cloudproxy_http_server:dispatch/1 line 29
2018-04-20 17:55:55.541 [error] <0.341.0> CRASH REPORT Process <0.341.0> with 0 neighbours crashed with reason: no match of right hand value {error,syntax_error} in cloudproxy_http_server:dispatch/1 line 28
2018-04-20 17:57:32.331 [error] <0.390.0> CRASH REPORT Process <0.390.0> with 0 neighbours crashed with reason: no match of right hand value {error,syntax_error} in cloudproxy_http_server:dispatch/1 line 28
2018-04-20 18:06:07.116 [error] <0.4507.0> CRASH REPORT Process <0.4507.0> with 0 neighbours crashed with reason: no match of right hand value {error,syntax_error} in cloudproxy_http_server:dispatch/1 line 28
2018-04-20 18:06:09.949 [error] <0.4524.0> CRASH REPORT Process <0.4524.0> with 0 neighbours crashed with reason: no match of right hand value {error,syntax_error} in cloudproxy_http_server:dispatch/1 line 28
2018-04-23 10:00:09.015 [error] <0.162.0> CRASH REPORT Process <0.162.0> with 0 neighbours exited with reason: no match of right hand value {error,{{'EXIT',{undef,[{connector_event_ipc_login_log,add_handler,[],[]},{cloudproxy_event_server,add_handler,0,[{file,"/home/GIHO_Lee/Chen/cloudproxy/_build/default/lib/cloudproxy/src/cloudproxy_event_server.erl"},{line,28}]},{cloudproxy_event_server,start_link,0,[{file,"/home/GIHO_Lee/Chen/cloudproxy/_build/default/lib/cloudproxy/src/cloudproxy_event_server.erl"},{line,23}]},{supervisor,do_start_child,2,[{file,"supervisor.erl"},{line,358}]},{supervisor,handle_start_child,2,[{file,"super..."},...]},...]}},...}} in app_util:start_child/2 line 39 in application_master:init/4 line 134
2018-04-23 10:57:37.699 [error] <0.290.0> gen_event cloudproxy_event_ipc_log installed in cloudproxy_event_server terminated with reason: call to undefined function log_util:get_gateway_log_file/1 from cloudproxy_event_ipc_log:handle_event/2 line 50
2018-04-23 11:02:12.612 [error] <0.290.0> gen_event cloudproxy_event_ipc_log installed in cloudproxy_event_server terminated with reason: call to undefined function help:datetime_string/1 from log_util:gen_content/4 line 36
2018-04-23 15:22:55.851 [error] <0.422.0> CRASH REPORT Process <0.422.0> with 0 neighbours crashed with reason: no match of right hand value {error,syntax_error} in cloudproxy_http_server:dispatch/1 line 33
2018-04-23 16:09:48.173 [error] <0.358.0> CRASH REPORT Process <0.358.0> with 0 neighbours crashed with reason: no match of right hand value {error,syntax_error} in cloudproxy_http_server:dispatch/1 line 35
2018-04-23 16:22:02.233 [error] <0.358.0> CRASH REPORT Process <0.358.0> with 0 neighbours crashed with reason: no match of right hand value {error,syntax_error} in help_handle:parse_list/1 line 28
2018-04-23 16:25:32.952 [error] <0.358.0> CRASH REPORT Process <0.358.0> with 0 neighbours crashed with reason: no match of right hand value {error,syntax_error} in cloudproxy_http_server:dispatch/1 line 37
2018-04-23 16:25:37.477 [error] <0.391.0> CRASH REPORT Process <0.391.0> with 0 neighbours crashed with reason: no match of right hand value {error,syntax_error} in cloudproxy_http_server:dispatch/1 line 37
2018-04-23 16:39:10.949 [error] <0.326.0> CRASH REPORT Process <0.326.0> with 0 neighbours crashed with reason: no match of right hand value {error,syntax_error} in help_handle:parse_list/1 line 28
2018-04-23 16:40:14.328 [error] <0.326.0> CRASH REPORT Process <0.326.0> with 0 neighbours crashed with reason: no match of right hand value {error,syntax_error} in help_handle:parse_list/1 line 28
2018-04-23 16:41:54.547 [error] <0.326.0> CRASH REPORT Process <0.326.0> with 0 neighbours crashed with reason: bad argument in jsx_decoder:value/4 line 234
2018-04-23 16:43:00.843 [error] <0.503.0> CRASH REPORT Process <0.503.0> with 0 neighbours crashed with reason: bad argument in jsx_decoder:value/4 line 234
2018-04-23 17:43:00.530 [error] <0.7582.0> CRASH REPORT Process <0.7582.0> with 0 neighbours crashed with reason: no match of right hand value [] in cloudproxy_http_server:dispatch/1 line 20
